<?xml version="1.0" encoding="UTF-8"?>
<!-- Generated by org.testng.reporters.JUnitXMLReporter -->
<testsuite ignored="0" hostname="DESKTOP-OGRBDUI" failures="1" tests="1" name="Command line test" time="1.49" errors="0" timestamp="07 cze 2022 20:56:57 GMT">
  <testcase classname="com.Przemek.selenium.Testy" name="Test1" time="1.477">
    <failure type="java.lang.NoSuchMethodError" message="org.openqa.selenium.support.ui.WebDriverWait.&amp;lt;init&amp;gt;(Lorg/openqa/selenium/WebDriver;Ljava/time/Duration;)V">
      <![CDATA[java.lang.NoSuchMethodError: org.openqa.selenium.support.ui.WebDriverWait.<init>(Lorg/openqa/selenium/WebDriver;Ljava/time/Duration;)V
at com.Przemek.selenium.Testy.Test1(Testy.java:21)
... Removed 34 stack frames]]>
    </failure>
  </testcase> <!-- Test1 -->
</testsuite> <!-- Command line test -->
