<?xml version="1.0" encoding="UTF-8" ?>
<testsuite tests="1" failures="1" name="com.Przemek.selenium.Testy" time="1.479" errors="0" skipped="0">
  <properties>
[...]
</properties>
  <testcase classname="com.Przemek.selenium.Testy" name="Test1" time="1.479">
    <failure message="org.openqa.selenium.support.ui.WebDriverWait.&lt;init&gt;(Lorg/openqa/selenium/WebDriver;Ljava/time/Duration;)V" type="java.lang.NoSuchMethodError">java.lang.NoSuchMethodError: org.openqa.selenium.support.ui.WebDriverWait.&lt;init&gt;(Lorg/openqa/selenium/WebDriver;Ljava/time/Duration;)V
	at com.Przemek.selenium.Testy.Test1(Testy.java:21)
</failure>
    <system-out>Configuring TestNG with: org.apache.maven.surefire.testng.conf.TestNG652Configurator@3cef309d
</system-out>
    <system-err>SLF4J: Failed to load class &quot;org.slf4j.impl.StaticLoggerBinder&quot;.
SLF4J: Defaulting to no-operation (NOP) logger implementation
SLF4J: See http://www.slf4j.org/codes.html#StaticLoggerBinder for further details.
Starting ChromeDriver 102.0.5005.61 (0e59bcc00cc4985ce39ad31c150065f159d95ad3-refs/branch-heads/5005@{#819}) on port 24288
Only local connections are allowed.
Please see https://chromedriver.chromium.org/security-considerations for suggestions on keeping ChromeDriver safe.
ChromeDriver was started successfully.
cze 07, 2022 10:56:57 PM org.openqa.selenium.remote.ProtocolHandshake createSession
INFO: Detected dialect: W3C
</system-err>
  </testcase>
</testsuite>